<?xml version="1.0" encoding="UTF-8"?>
<testsuite name="com.example.walkindoorrestapi.ConnectionsTest" tests="3" skipped="0" failures="0" errors="0" timestamp="2025-05-15T16:56:30.236Z" hostname="DESKTOP-RT47OEL" time="0.106">
  <properties/>
  <testcase name="testGeneratePath()" classname="com.example.walkindoorrestapi.ConnectionsTest" time="0.097"/>
  <testcase name="testConnectionsAttributes()" classname="com.example.walkindoorrestapi.ConnectionsTest" time="0.002"/>
  <testcase name="testInvalidPathGeneration()" classname="com.example.walkindoorrestapi.ConnectionsTest" time="0.004"/>
  <system-out><![CDATA[]]></system-out>
  <system-err><![CDATA[]]></system-err>
</testsuite>
