<?xml version="1.0" encoding="UTF-8"?>
<testsuite name="com.example.walkindoorrestapi.IntersectionTest" tests="3" skipped="0" failures="0" errors="0" timestamp="2025-05-15T16:56:30.373Z" hostname="DESKTOP-RT47OEL" time="0.006">
  <properties/>
  <testcase name="testLocationFormat()" classname="com.example.walkindoorrestapi.IntersectionTest" time="0.002"/>
  <testcase name="testUpdateCoordinates()" classname="com.example.walkindoorrestapi.IntersectionTest" time="0.002"/>
  <testcase name="testIntersectionCreation()" classname="com.example.walkindoorrestapi.IntersectionTest" time="0.0"/>
  <system-out><![CDATA[]]></system-out>
  <system-err><![CDATA[]]></system-err>
</testsuite>
