<?xml version="1.0" encoding="UTF-8"?>
<testsuite name="com.example.walkindoorrestapi.PointEntityTest" tests="3" skipped="0" failures="0" errors="0" timestamp="2025-05-15T16:56:39.540Z" hostname="DESKTOP-RT47OEL" time="0.006">
  <properties/>
  <testcase name="testGeneratePoint()" classname="com.example.walkindoorrestapi.PointEntityTest" time="0.002"/>
  <testcase name="testDirectionValidation()" classname="com.example.walkindoorrestapi.PointEntityTest" time="0.002"/>
  <testcase name="testPointEntityAttributes()" classname="com.example.walkindoorrestapi.PointEntityTest" time="0.001"/>
  <system-out><![CDATA[]]></system-out>
  <system-err><![CDATA[]]></system-err>
</testsuite>
